#
# A fatal error has been detected by the Java Runtime Environment:
#
#  Internal Error (javaClasses.cpp:124), pid=7116, tid=7124
#  fatal error: Invalid layout of preloaded class
#
# JRE version:  (8.0-b132) (build )
# Java VM: Java HotSpot(TM) 64-Bit Server VM (25.0-b70 mixed mode windows-amd64 compressed oops)
# Failed to write core dump. Minidumps are not enabled by default on client versions of Windows
#
# If you would like to submit a bug report, please visit:
#   http://bugreport.sun.com/bugreport/crash.jsp
#

---------------  T H R E A D  ---------------

Current thread (0x00000000004ae000):  JavaThread "Unknown thread" [_thread_in_vm, id=7124, stack(0x00000000024a0000,0x00000000025a0000)]

Stack: [0x00000000024a0000,0x00000000025a0000]
Native frames: (J=compiled Java code, j=interpreted, Vv=VM code, C=native code)
V  [jvm.dll+0x308e0a]
V  [jvm.dll+0x25df11]
V  [jvm.dll+0x25eb2f]
V  [jvm.dll+0x256486]
V  [jvm.dll+0x5d36c]
V  [jvm.dll+0x5d463]
V  [jvm.dll+0x71d5a]
V  [jvm.dll+0x720b8]
V  [jvm.dll+0xe1637]
V  [jvm.dll+0xe19c6]
V  [jvm.dll+0x1f1407]
V  [jvm.dll+0x2227e4]
V  [jvm.dll+0x149f91]
C  [javaw.exe+0x208a]
C  [javaw.exe+0xc9db]
C  [javaw.exe+0xca6f]
C  [kernel32.dll+0x159ed]
C  [ntdll.dll+0x2c541]


---------------  P R O C E S S  ---------------

Java Threads: ( => current thread )

Other Threads:

=>0x00000000004ae000 (exited) JavaThread "Unknown thread" [_thread_in_vm, id=7124, stack(0x00000000024a0000,0x00000000025a0000)]

VM state:not at safepoint (not fully initialized)

VM Mutex/Monitor currently owned by a thread: None

GC Heap History (0 events):
No events

Deoptimization events (0 events):
No events

Internal exceptions (0 events):
No events

Events (10 events):
Event: 0.342 loading class java/lang/CharSequence done
Event: 0.342 loading class java/lang/String done
Event: 0.342 loading class java/lang/Class
Event: 0.342 loading class java/lang/reflect/AnnotatedElement
Event: 0.342 loading class java/lang/reflect/AnnotatedElement done
Event: 0.342 loading class java/lang/reflect/GenericDeclaration
Event: 0.343 loading class java/lang/reflect/GenericDeclaration done
Event: 0.343 loading class java/lang/reflect/Type
Event: 0.343 loading class java/lang/reflect/Type done
Event: 0.343 loading class java/lang/Class done


Dynamic libraries:
0x000000013f170000 - 0x000000013f1a4000 	C:\Program Files\Java\jre8\bin\javaw.exe
0x00000000775b0000 - 0x0000000077759000 	C:\Windows\SYSTEM32\ntdll.dll
0x0000000077490000 - 0x00000000775af000 	C:\Windows\system32\kernel32.dll
0x000007fefd550000 - 0x000007fefd5bc000 	C:\Windows\system32\KERNELBASE.dll
0x000007fefdf10000 - 0x000007fefdfeb000 	C:\Windows\system32\ADVAPI32.dll
0x000007fefd7a0000 - 0x000007fefd83f000 	C:\Windows\system32\msvcrt.dll
0x000007fefdef0000 - 0x000007fefdf0f000 	C:\Windows\SYSTEM32\sechost.dll
0x000007feff610000 - 0x000007feff73d000 	C:\Windows\system32\RPCRT4.dll
0x0000000077390000 - 0x000000007748a000 	C:\Windows\system32\USER32.dll
0x000007feff540000 - 0x000007feff5a7000 	C:\Windows\system32\GDI32.dll
0x000007feff600000 - 0x000007feff60e000 	C:\Windows\system32\LPK.dll
0x000007feff740000 - 0x000007feff809000 	C:\Windows\system32\USP10.dll
0x000007fefb3d0000 - 0x000007fefb5c4000 	C:\Windows\WinSxS\amd64_microsoft.windows.common-controls_6595b64144ccf1df_6.0.7601.17514_none_fa396087175ac9ac\COMCTL32.dll
0x000007fefd840000 - 0x000007fefd8b1000 	C:\Windows\system32\SHLWAPI.dll
0x000007feff890000 - 0x000007feff8be000 	C:\Windows\system32\IMM32.DLL
0x000007feff430000 - 0x000007feff539000 	C:\Windows\system32\MSCTF.dll
0x000000006ca40000 - 0x000000006cb12000 	C:\Program Files\Java\jre8\bin\msvcr100.dll
0x00000000610c0000 - 0x00000000618ea000 	C:\Program Files\Java\jre8\bin\server\jvm.dll
0x000007fef1f80000 - 0x000007fef1f89000 	C:\Windows\system32\WSOCK32.dll
0x000007feff5b0000 - 0x000007feff5fd000 	C:\Windows\system32\WS2_32.dll
0x000007feff420000 - 0x000007feff428000 	C:\Windows\system32\NSI.dll
0x000007fefac10000 - 0x000007fefac4b000 	C:\Windows\system32\WINMM.dll
0x0000000077780000 - 0x0000000077787000 	C:\Windows\system32\PSAPI.DLL
0x000000006ca30000 - 0x000000006ca3f000 	C:\Program Files\Java\jre8\bin\verify.dll
0x000000006ca00000 - 0x000000006ca28000 	C:\Program Files\Java\jre8\bin\java.dll
0x000000006c9e0000 - 0x000000006c9f6000 	C:\Program Files\Java\jre8\bin\zip.dll
0x000007fef9760000 - 0x000007fef9885000 	C:\Windows\system32\dbghelp.dll

VM Arguments:
jvm_args: -Dfile.encoding=Cp1252 -Xbootclasspath:C:\Users\Agustina\Downloads\Instaladores\android-sdk\sdk\platforms\android-19\android.jar;C:\Users\Agustina\Downloads\Instaladores\android-sdk\sdk\add-ons\addon-google_apis-google-19-1\libs\usb.jar;C:\Users\Agustina\Downloads\Instaladores\android-sdk\sdk\add-ons\addon-google_apis-google-19-1\libs\effects.jar;C:\Users\Agustina\Downloads\Instaladores\android-sdk\sdk\add-ons\addon-google_apis-google-19-1\libs\maps.jar 
java_command: pruebasqlite.PruebaSQLite
java_class_path (initial): C:\Users\Agustina\git\MobileArte\bin\classes;C:\Users\Agustina\Desktop\Arte\appcompat_v7\libs\android-support-v4.jar;C:\Users\Agustina\Desktop\Arte\appcompat_v7\libs\android-support-v7-appcompat.jar;C:\Users\Agustina\Desktop\Arte\appcompat_v7\bin\appcompat_v7.jar;C:\Users\Agustina\Downloads\sqlite-jdbc4-3.8.2-SNAPSHOT.jar
Launcher Type: SUN_STANDARD

Environment Variables:
PATH=C:\Windows\system32;C:\Windows;C:\Windows\System32\Wbem;C:\Windows\System32\WindowsPowerShell\v1.0\;C:\Program Files (x86)\EgisTec\MyWinLocker 3\x86;C:\Program Files (x86)\EgisTec\MyWinLocker 3\x64
USERNAME=Agustina
OS=Windows_NT
PROCESSOR_IDENTIFIER=Intel64 Family 6 Model 37 Stepping 2, GenuineIntel



---------------  S Y S T E M  ---------------

OS: Windows 7 , 64 bit Build 7601 Service Pack 1

CPU:total 4 (2 cores per cpu, 2 threads per core) family 6 model 37 stepping 2, cmov, cx8, fxsr, mmx, sse, sse2, sse3, ssse3, sse4.1, sse4.2, popcnt, ht, tsc, tscinvbit

Memory: 4k page, physical 3854848k(846712k free), swap 7707832k(2858132k free)

vm_info: Java HotSpot(TM) 64-Bit Server VM (25.0-b70) for windows-amd64 JRE (1.8.0-b132), built on Mar  4 2014 03:46:18 by "java_re" with MS VC++ 10.0 (VS2010)

time: Wed Jun 18 23:20:46 2014
elapsed time: 0 seconds

